2021-06-07 01:36:37,889 1 [INFO] [LibCommon.Logger.Start]: Logger initialized
2021-06-07 01:36:38,418 1 [INFO] [LibCommon.Logger.Start]: =====================================================================
2021-06-07 01:36:38,424 1 [INFO] [LibCommon.Logger.Start]: BankRev
2021-06-07 01:36:38,434 1 [INFO] [LibCommon.Logger.Start]: == C:\Users\matze\Desktop\A3Packer-master\BankRevGUI\bin\Debug\BankRevGUI.exe ==
2021-06-07 01:36:38,441 1 [INFO] [LibCommon.Logger.Start]: Build: Public
2021-06-07 01:36:38,449 1 [INFO] [LibCommon.Logger.Start]: Version: 0.1.276.6899
2021-06-07 01:36:38,454 1 [INFO] [LibCommon.Logger.Start]: ProductName: BankRev
2021-06-07 01:36:38,459 1 [INFO] [LibCommon.Logger.Start]: =====================================================================
2021-06-07 01:37:02,159 1 [INFO] [LibCommon.Logger.Start]: Logger initialized
2021-06-07 01:37:02,191 1 [INFO] [LibCommon.Logger.Start]: =====================================================================
2021-06-07 01:37:02,198 1 [INFO] [LibCommon.Logger.Start]: BankRev
2021-06-07 01:37:02,206 1 [INFO] [LibCommon.Logger.Start]: == C:\Users\matze\Desktop\A3Packer-master\BankRevGUI\bin\Debug\BankRevGUI.exe ==
2021-06-07 01:37:02,212 1 [INFO] [LibCommon.Logger.Start]: Build: Public
2021-06-07 01:37:02,218 1 [INFO] [LibCommon.Logger.Start]: Version: 0.1.276.6899
2021-06-07 01:37:02,223 1 [INFO] [LibCommon.Logger.Start]: ProductName: BankRev
2021-06-07 01:37:02,229 1 [INFO] [LibCommon.Logger.Start]: =====================================================================
2021-06-07 01:37:40,497 1 [INFO] [LibCommon.Logger.Start]: Logger initialized
2021-06-07 01:37:40,527 1 [INFO] [LibCommon.Logger.Start]: =====================================================================
2021-06-07 01:37:40,534 1 [INFO] [LibCommon.Logger.Start]: BankRev
2021-06-07 01:37:40,542 1 [INFO] [LibCommon.Logger.Start]: == C:\Users\matze\Desktop\A3Packer-master\BankRevGUI\bin\Debug\BankRevGUI.exe ==
2021-06-07 01:37:40,548 1 [INFO] [LibCommon.Logger.Start]: Build: Public
2021-06-07 01:37:40,554 1 [INFO] [LibCommon.Logger.Start]: Version: 0.1.276.6899
2021-06-07 01:37:40,560 1 [INFO] [LibCommon.Logger.Start]: ProductName: BankRev
2021-06-07 01:37:40,566 1 [INFO] [LibCommon.Logger.Start]: =====================================================================
2021-06-07 01:38:21,582 1 [INFO] [LibCommon.Logger.Start]: Logger initialized
2021-06-07 01:38:21,582 1 [INFO] [LibCommon.Logger.Start]: Logger initialized
2021-06-07 01:38:21,597 1 [INFO] [LibCommon.Logger.Start]: =====================================================================
2021-06-07 01:38:21,597 1 [INFO] [LibCommon.Logger.Start]: =====================================================================
2021-06-07 01:38:21,607 1 [INFO] [LibCommon.Logger.Start]: BankRev
2021-06-07 01:38:21,607 1 [INFO] [LibCommon.Logger.Start]: BankRev
2021-06-07 01:38:21,618 1 [INFO] [LibCommon.Logger.Start]: == C:\Users\matze\Desktop\A3Packer-master\BankRevGUI\bin\Debug\BankRevGUI.exe ==
2021-06-07 01:38:21,618 1 [INFO] [LibCommon.Logger.Start]: == C:\Users\matze\Desktop\A3Packer-master\BankRevGUI\bin\Debug\BankRevGUI.exe ==
2021-06-07 01:38:21,629 1 [INFO] [LibCommon.Logger.Start]: Build: Public
2021-06-07 01:38:21,629 1 [INFO] [LibCommon.Logger.Start]: Build: Public
2021-06-07 01:38:21,639 1 [INFO] [LibCommon.Logger.Start]: Version: 0.1.276.6899
2021-06-07 01:38:21,639 1 [INFO] [LibCommon.Logger.Start]: Version: 0.1.276.6899
2021-06-07 01:38:21,650 1 [INFO] [LibCommon.Logger.Start]: ProductName: BankRev
2021-06-07 01:38:21,650 1 [INFO] [LibCommon.Logger.Start]: ProductName: BankRev
2021-06-07 01:38:21,661 1 [INFO] [LibCommon.Logger.Start]: =====================================================================
2021-06-07 01:38:21,661 1 [INFO] [LibCommon.Logger.Start]: =====================================================================
2021-06-07 01:39:17,014 1 [INFO] [LibCommon.Logger.Start]: Logger initialized
2021-06-07 01:39:17,043 1 [INFO] [LibCommon.Logger.Start]: =====================================================================
2021-06-07 01:39:17,084 1 [INFO] [LibCommon.Logger.Start]: BankRev
2021-06-07 01:39:17,091 1 [INFO] [LibCommon.Logger.Start]: == C:\Users\matze\Desktop\A3Packer-master\BankRevGUI\bin\Debug\BankRevGUI.exe ==
2021-06-07 01:39:17,097 1 [INFO] [LibCommon.Logger.Start]: Build: Public
2021-06-07 01:39:17,102 1 [INFO] [LibCommon.Logger.Start]: Version: 0.1.276.6899
2021-06-07 01:39:17,107 1 [INFO] [LibCommon.Logger.Start]: ProductName: BankRev
2021-06-07 01:39:17,112 1 [INFO] [LibCommon.Logger.Start]: =====================================================================
2021-06-07 01:39:33,457 1 [INFO] [LibCommon.Logger.Start]: Logger initialized
2021-06-07 01:39:33,457 1 [INFO] [LibCommon.Logger.Start]: Logger initialized
2021-06-07 01:39:33,468 1 [INFO] [LibCommon.Logger.Start]: =====================================================================
2021-06-07 01:39:33,468 1 [INFO] [LibCommon.Logger.Start]: =====================================================================
2021-06-07 01:39:33,477 1 [INFO] [LibCommon.Logger.Start]: BankRev
2021-06-07 01:39:33,477 1 [INFO] [LibCommon.Logger.Start]: BankRev
2021-06-07 01:39:33,488 1 [INFO] [LibCommon.Logger.Start]: == C:\Users\matze\Desktop\A3Packer-master\BankRevGUI\bin\Debug\BankRevGUI.exe ==
2021-06-07 01:39:33,488 1 [INFO] [LibCommon.Logger.Start]: == C:\Users\matze\Desktop\A3Packer-master\BankRevGUI\bin\Debug\BankRevGUI.exe ==
2021-06-07 01:39:33,498 1 [INFO] [LibCommon.Logger.Start]: Build: Public
2021-06-07 01:39:33,498 1 [INFO] [LibCommon.Logger.Start]: Build: Public
2021-06-07 01:39:33,508 1 [INFO] [LibCommon.Logger.Start]: Version: 0.1.276.6899
2021-06-07 01:39:33,508 1 [INFO] [LibCommon.Logger.Start]: Version: 0.1.276.6899
2021-06-07 01:39:33,518 1 [INFO] [LibCommon.Logger.Start]: ProductName: BankRev
2021-06-07 01:39:33,518 1 [INFO] [LibCommon.Logger.Start]: ProductName: BankRev
2021-06-07 01:39:33,528 1 [INFO] [LibCommon.Logger.Start]: =====================================================================
2021-06-07 01:39:33,528 1 [INFO] [LibCommon.Logger.Start]: =====================================================================
2021-06-07 01:39:48,007 1 [INFO] [LibCommon.Logger.Start]: Logger initialized
2021-06-07 01:39:48,035 1 [INFO] [LibCommon.Logger.Start]: =====================================================================
2021-06-07 01:39:48,041 1 [INFO] [LibCommon.Logger.Start]: BankRev
2021-06-07 01:39:48,048 1 [INFO] [LibCommon.Logger.Start]: == C:\Users\matze\Desktop\A3Packer-master\BankRevGUI\bin\Debug\BankRevGUI.exe ==
2021-06-07 01:39:48,055 1 [INFO] [LibCommon.Logger.Start]: Build: Public
2021-06-07 01:39:48,061 1 [INFO] [LibCommon.Logger.Start]: Version: 0.1.276.6899
2021-06-07 01:39:48,067 1 [INFO] [LibCommon.Logger.Start]: ProductName: BankRev
2021-06-07 01:39:48,072 1 [INFO] [LibCommon.Logger.Start]: =====================================================================
2021-06-07 01:41:19,038 1 [INFO] [LibCommon.Logger.Start]: Logger initialized
2021-06-07 01:41:19,038 1 [INFO] [LibCommon.Logger.Start]: Logger initialized
2021-06-07 01:41:19,052 1 [INFO] [LibCommon.Logger.Start]: =====================================================================
2021-06-07 01:41:19,052 1 [INFO] [LibCommon.Logger.Start]: =====================================================================
2021-06-07 01:41:19,067 1 [INFO] [LibCommon.Logger.Start]: BankRev
2021-06-07 01:41:19,067 1 [INFO] [LibCommon.Logger.Start]: BankRev
2021-06-07 01:41:19,080 1 [INFO] [LibCommon.Logger.Start]: == C:\Users\matze\Desktop\A3Packer-master\BankRevGUI\bin\Debug\BankRevGUI.exe ==
2021-06-07 01:41:19,080 1 [INFO] [LibCommon.Logger.Start]: == C:\Users\matze\Desktop\A3Packer-master\BankRevGUI\bin\Debug\BankRevGUI.exe ==
2021-06-07 01:41:19,094 1 [INFO] [LibCommon.Logger.Start]: Build: Public
2021-06-07 01:41:19,094 1 [INFO] [LibCommon.Logger.Start]: Build: Public
2021-06-07 01:41:19,106 1 [INFO] [LibCommon.Logger.Start]: Version: 0.1.276.6899
2021-06-07 01:41:19,106 1 [INFO] [LibCommon.Logger.Start]: Version: 0.1.276.6899
2021-06-07 01:41:19,117 1 [INFO] [LibCommon.Logger.Start]: ProductName: BankRev
2021-06-07 01:41:19,117 1 [INFO] [LibCommon.Logger.Start]: ProductName: BankRev
2021-06-07 01:41:19,127 1 [INFO] [LibCommon.Logger.Start]: =====================================================================
2021-06-07 01:41:19,127 1 [INFO] [LibCommon.Logger.Start]: =====================================================================
2021-06-07 01:41:22,537 1 [INFO] [LibCommon.Logger.Start]: Logger initialized
2021-06-07 01:41:22,537 1 [INFO] [LibCommon.Logger.Start]: Logger initialized
2021-06-07 01:41:22,537 1 [INFO] [LibCommon.Logger.Start]: Logger initialized
2021-06-07 01:41:22,560 1 [INFO] [LibCommon.Logger.Start]: =====================================================================
2021-06-07 01:41:22,560 1 [INFO] [LibCommon.Logger.Start]: =====================================================================
2021-06-07 01:41:22,560 1 [INFO] [LibCommon.Logger.Start]: =====================================================================
2021-06-07 01:41:22,578 1 [INFO] [LibCommon.Logger.Start]: BankRev
2021-06-07 01:41:22,578 1 [INFO] [LibCommon.Logger.Start]: BankRev
2021-06-07 01:41:22,578 1 [INFO] [LibCommon.Logger.Start]: BankRev
2021-06-07 01:41:22,595 1 [INFO] [LibCommon.Logger.Start]: == C:\Users\matze\Desktop\A3Packer-master\BankRevGUI\bin\Debug\BankRevGUI.exe ==
2021-06-07 01:41:22,595 1 [INFO] [LibCommon.Logger.Start]: == C:\Users\matze\Desktop\A3Packer-master\BankRevGUI\bin\Debug\BankRevGUI.exe ==
2021-06-07 01:41:22,595 1 [INFO] [LibCommon.Logger.Start]: == C:\Users\matze\Desktop\A3Packer-master\BankRevGUI\bin\Debug\BankRevGUI.exe ==
2021-06-07 01:41:22,611 1 [INFO] [LibCommon.Logger.Start]: Build: Public
2021-06-07 01:41:22,611 1 [INFO] [LibCommon.Logger.Start]: Build: Public
2021-06-07 01:41:22,611 1 [INFO] [LibCommon.Logger.Start]: Build: Public
2021-06-07 01:41:22,630 1 [INFO] [LibCommon.Logger.Start]: Version: 0.1.276.6899
2021-06-07 01:41:22,630 1 [INFO] [LibCommon.Logger.Start]: Version: 0.1.276.6899
2021-06-07 01:41:22,630 1 [INFO] [LibCommon.Logger.Start]: Version: 0.1.276.6899
2021-06-07 01:41:22,647 1 [INFO] [LibCommon.Logger.Start]: ProductName: BankRev
2021-06-07 01:41:22,647 1 [INFO] [LibCommon.Logger.Start]: ProductName: BankRev
2021-06-07 01:41:22,647 1 [INFO] [LibCommon.Logger.Start]: ProductName: BankRev
2021-06-07 01:41:22,663 1 [INFO] [LibCommon.Logger.Start]: =====================================================================
2021-06-07 01:41:22,663 1 [INFO] [LibCommon.Logger.Start]: =====================================================================
2021-06-07 01:41:22,663 1 [INFO] [LibCommon.Logger.Start]: =====================================================================
2021-06-07 01:41:28,291 1 [INFO] [LibCommon.Logger.Start]: Logger initialized
2021-06-07 01:41:28,323 1 [INFO] [LibCommon.Logger.Start]: =====================================================================
2021-06-07 01:41:28,331 1 [INFO] [LibCommon.Logger.Start]: BankRev
2021-06-07 01:41:28,339 1 [INFO] [LibCommon.Logger.Start]: == C:\Users\matze\Desktop\A3Packer-master\BankRevGUI\bin\Debug\BankRevGUI.exe ==
2021-06-07 01:41:28,345 1 [INFO] [LibCommon.Logger.Start]: Build: Public
2021-06-07 01:41:28,352 1 [INFO] [LibCommon.Logger.Start]: Version: 0.1.276.6899
2021-06-07 01:41:28,361 1 [INFO] [LibCommon.Logger.Start]: ProductName: BankRev
2021-06-07 01:41:28,367 1 [INFO] [LibCommon.Logger.Start]: =====================================================================
2021-06-07 01:41:57,328 1 [INFO] [LibCommon.Logger.Start]: Logger initialized
2021-06-07 01:41:57,358 1 [INFO] [LibCommon.Logger.Start]: =====================================================================
2021-06-07 01:41:57,364 1 [INFO] [LibCommon.Logger.Start]: BankRev
2021-06-07 01:41:57,372 1 [INFO] [LibCommon.Logger.Start]: == C:\Users\matze\Desktop\A3Packer-master\BankRevGUI\bin\Debug\BankRevGUI.exe ==
2021-06-07 01:41:57,377 1 [INFO] [LibCommon.Logger.Start]: Build: Public
2021-06-07 01:41:57,383 1 [INFO] [LibCommon.Logger.Start]: Version: 0.1.276.6899
2021-06-07 01:41:57,388 1 [INFO] [LibCommon.Logger.Start]: ProductName: BankRev
2021-06-07 01:41:57,393 1 [INFO] [LibCommon.Logger.Start]: =====================================================================
2021-06-07 01:42:42,140 1 [INFO] [LibCommon.Logger.Start]: Logger initialized
2021-06-07 01:42:42,172 1 [INFO] [LibCommon.Logger.Start]: =====================================================================
2021-06-07 01:42:42,178 1 [INFO] [LibCommon.Logger.Start]: BankRev
2021-06-07 01:42:42,186 1 [INFO] [LibCommon.Logger.Start]: == C:\Users\matze\Desktop\A3Packer-master\BankRevGUI\bin\Debug\BankRevGUI.exe ==
2021-06-07 01:42:42,192 1 [INFO] [LibCommon.Logger.Start]: Build: Public
2021-06-07 01:42:42,198 1 [INFO] [LibCommon.Logger.Start]: Version: 0.1.276.6899
2021-06-07 01:42:42,203 1 [INFO] [LibCommon.Logger.Start]: ProductName: BankRev
2021-06-07 01:42:42,209 1 [INFO] [LibCommon.Logger.Start]: =====================================================================
2021-06-07 01:42:56,264 1 [INFO] [LibCommon.Logger.Start]: Logger initialized
2021-06-07 01:42:56,291 1 [INFO] [LibCommon.Logger.Start]: =====================================================================
2021-06-07 01:42:56,297 1 [INFO] [LibCommon.Logger.Start]: BankRev
2021-06-07 01:42:56,305 1 [INFO] [LibCommon.Logger.Start]: == C:\Users\matze\Desktop\A3Packer-master\BankRevGUI\bin\Debug\BankRevGUI.exe ==
2021-06-07 01:42:56,311 1 [INFO] [LibCommon.Logger.Start]: Build: Public
2021-06-07 01:42:56,317 1 [INFO] [LibCommon.Logger.Start]: Version: 0.1.276.6899
2021-06-07 01:42:56,322 1 [INFO] [LibCommon.Logger.Start]: ProductName: BankRev
2021-06-07 01:42:56,327 1 [INFO] [LibCommon.Logger.Start]: =====================================================================
2021-06-07 01:43:42,109 1 [INFO] [BankRev.FormMain.DisplayStatus]: Processing AM_Scripts (459 KB)...
2021-06-07 01:43:52,810 1 [INFO] [BankRev.FormMain.DisplayStatus]: ===========
2021-06-07 01:43:52,817 1 [INFO] [BankRev.FormMain.DisplayStatus]: Cancellation requested
2021-06-07 01:43:52,824 1 [INFO] [BankRev.FormMain.DisplayStatus]: The process will be cancelled after the current file
2021-06-07 01:43:52,830 1 [INFO] [BankRev.FormMain.DisplayStatus]: ===========
